Started by user [8mha:AAAAmR+LCAAAAAAAAP9b85aBtbiIQTGjNKU4P08vOT+vOD8nVc83PyU1x6OyILUoJzMv2y+/JJUBAhiZGBgqihhk0NSjKDWzXb3RdlLBUSYGJk8GtpzUvPSSDB8G5tKinBIGIZ+sxLJE/ZzEvHT94JKizLx0a6BxUmjGOUNodHsLgAyBEgZe/dLi1CL9jMSi4ozEFAAD9tttwgAAAA==[0mharshad velapure
Building in workspace /var/lib/jenkins/workspace/xornet_prod_stage
 > git rev-parse --is-inside-work-tree # timeout=10
Fetching changes from the remote Git repository
 > git config remote.origin.url https://github.com/harshad007/yamlfiles # timeout=10
Fetching upstream changes from https://github.com/harshad007/yamlfiles
 > git --version # timeout=10
using .gitcredentials to set credentials
 > git config --local credential.username harshad007 # timeout=10
 > git config --local credential.helper store --file=/tmp/git9038992010984569764.credentials # timeout=10
 > git -c core.askpass=true fetch --tags --progress https://github.com/harshad007/yamlfiles +refs/heads/*:refs/remotes/origin/*
 > git config --local --remove-section credential # timeout=10
 > git rev-parse refs/remotes/origin/master^{commit} # timeout=10
 > git rev-parse refs/remotes/origin/origin/master^{commit} # timeout=10
Checking out Revision 7ee88c6036bc7cb7be6dd0a0913ef909ebab1fb9 (refs/remotes/origin/master)
 > git config core.sparsecheckout # timeout=10
 > git checkout -f 7ee88c6036bc7cb7be6dd0a0913ef909ebab1fb9
 > git rev-list 7ee88c6036bc7cb7be6dd0a0913ef909ebab1fb9 # timeout=10
Copied 117 artifacts from "[8mha:AAAAkB+LCAAAAAAAAP9b85aBtbiIQSajNKU4P08vOT+vOD8nVc+jsiC1KCczL9svvyTVzHb1RttJBUeZGJg8GdhyUvPSSzJ8GJhLi3JKGIR8shLLEvVzEvPS9YNLijLz0q0rihik0IxzhtAgwxgggJGJgaGiAMjgLGHg18/KT9KvyC/KSy2JL0zUBwBj2x8vlAAAAA==[0mxornet_qa" build number [8mha:AAAAlB+LCAAAAAAAAP9b85aBtbiIQSajNKU4P08vOT+vOD8nVc+jsiC1KCczL9svvyTVzHb1RttJBUeZGJg8GdhyUvPSSzJ8GJhLi3JKGIR8shLLEvVzEvPS9YNLijLz0q0rihik0IxzhtAgwxgggJGJgaGiAMhgLmEQ1s/KT9KvyC/KSy2JL0zUNzQx0gcARtMLHJgAAAA=[0m142
[xornet_prod_stage] $ /bin/bash /tmp/hudson7116711155946023789.sh
XDG_SESSION_ID=c1
BUILD_URL=http://ec2-52-38-110-52.us-west-2.compute.amazonaws.com:8080/job/xornet_prod_stage/91/
HUDSON_SERVER_COOKIE=f644632868a6f8c5
SHELL=/bin/bash
TERM=linux
BUILD_TAG=jenkins-xornet_prod_stage-91
GIT_PREVIOUS_COMMIT=7ee88c6036bc7cb7be6dd0a0913ef909ebab1fb9
WORKSPACE=/var/lib/jenkins/workspace/xornet_prod_stage
JOB_URL=http://ec2-52-38-110-52.us-west-2.compute.amazonaws.com:8080/job/xornet_prod_stage/
USER=jenkins
GIT_COMMIT=7ee88c6036bc7cb7be6dd0a0913ef909ebab1fb9
JENKINS_HOME=/var/lib/jenkins
PATH=/usr/local/bin:/usr/bin:/bin:/usr/local/games:/usr/games
MAIL=/var/mail/jenkins
_=/usr/bin/env
PWD=/var/lib/jenkins/workspace/xornet_prod_stage
HUDSON_URL=http://ec2-52-38-110-52.us-west-2.compute.amazonaws.com:8080/
LANG=en_US.UTF-8
COPYARTIFACT_BUILD_NUMBER_XORNET_QA=142
JOB_NAME=xornet_prod_stage
BUILD_DISPLAY_NAME=#91
JENKINS_URL=http://ec2-52-38-110-52.us-west-2.compute.amazonaws.com:8080/
BUILD_ID=91
JOB_BASE_NAME=xornet_prod_stage
GIT_PREVIOUS_SUCCESSFUL_COMMIT=7ee88c6036bc7cb7be6dd0a0913ef909ebab1fb9
XDG_SEAT=seat0
HOME=/var/lib/jenkins
SHLVL=2
GIT_BRANCH=origin/master
JENKINS_SERVER_COOKIE=f644632868a6f8c5
EXECUTOR_NUMBER=1
GIT_URL=https://github.com/harshad007/yamlfiles
NODE_LABELS=master
LOGNAME=jenkins
HUDSON_HOME=/var/lib/jenkins
NODE_NAME=master
BUILD_NUMBER=91
XDG_RUNTIME_DIR=/run/user/106
HUDSON_COOKIE=c2ab1ac4-8b74-4a63-a3b7-9f2731c4b59d
One
ERROR: Failed to evaluate groovy script.
[8mha:AAAAWB+LCAAAAAAAAP9b85aBtbiIQSmjNKU4P08vOT+vOD8nVc8DzHWtSE4tKMnMz/PLL0ldFVf2c+b/lb5MDAwVRQxSaBqcITRIIQMEMIIUFgAAckCEiWAAAAA=[0mgroovy.lang.MissingPropertyException: No such property: channel for class: Script1
	at org.codehaus.groovy.runtime.ScriptBytecodeAdapter.unwrap(ScriptBytecodeAdapter.java:53)
	at org.codehaus.groovy.runtime.callsite.PogoGetPropertySite.getProperty(PogoGetPropertySite.java:52)
	at org.codehaus.groovy.runtime.callsite.AbstractCallSite.callGroovyObjectGetProperty(AbstractCallSite.java:307)
	at Script1.run(Script1.groovy:8)
	at groovy.lang.GroovyShell.evaluate(GroovyShell.java:585)
	at groovy.lang.GroovyShell.evaluate(GroovyShell.java:623)
	at groovy.lang.GroovyShell.evaluate(GroovyShell.java:594)
	at org.jenkinsci.plugins.scriptsecurity.sandbox.groovy.SecureGroovyScript.evaluate(SecureGroovyScript.java:168)
	at org.jvnet.hudson.plugins.groovypostbuild.GroovyPostbuildRecorder.perform(GroovyPostbuildRecorder.java:362)
	at hudson.tasks.BuildStepMonitor$1.perform(BuildStepMonitor.java:20)
	at hudson.model.AbstractBuild$AbstractBuildExecution.perform(AbstractBuild.java:779)
	at hudson.model.AbstractBuild$AbstractBuildExecution.performAllBuildSteps(AbstractBuild.java:720)
	at hudson.model.Build$BuildExecution.post2(Build.java:185)
	at hudson.model.AbstractBuild$AbstractBuildExecution.post(AbstractBuild.java:665)
	at hudson.model.Run.execute(Run.java:1766)
	at hudson.model.FreeStyleBuild.run(FreeStyleBuild.java:43)
	at hudson.model.ResourceController.execute(ResourceController.java:98)
	at hudson.model.Executor.run(Executor.java:410)
Build step 'Groovy Postbuild' changed build result to FAILURE
Build step 'Groovy Postbuild' marked build as failure
Finished: FAILURE
