Started by user [8mha:AAAAmR+LCAAAAAAAAP9b85aBtbiIQTGjNKU4P08vOT+vOD8nVc83PyU1x6OyILUoJzMv2y+/JJUBAhiZGBgqihhk0NSjKDWzXb3RdlLBUSYGJk8GtpzUvPSSDB8G5tKinBIGIZ+sxLJE/ZzEvHT94JKizLx0a6BxUmjGOUNodHsLgAyBEgZe/dLi1CL9jMSi4ozEFAAD9tttwgAAAA==[0mharshad velapure
Building in workspace /var/lib/jenkins/workspace/xornet_prod_stage
 > git rev-parse --is-inside-work-tree # timeout=10
Fetching changes from the remote Git repository
 > git config remote.origin.url https://github.com/harshad007/yamlfiles # timeout=10
Fetching upstream changes from https://github.com/harshad007/yamlfiles
 > git --version # timeout=10
using .gitcredentials to set credentials
 > git config --local credential.username harshad007 # timeout=10
 > git config --local credential.helper store --file=/tmp/git3438186144416842115.credentials # timeout=10
 > git -c core.askpass=true fetch --tags --progress https://github.com/harshad007/yamlfiles +refs/heads/*:refs/remotes/origin/*
 > git config --local --remove-section credential # timeout=10
 > git rev-parse refs/remotes/origin/master^{commit} # timeout=10
 > git rev-parse refs/remotes/origin/origin/master^{commit} # timeout=10
Checking out Revision d650d2b3b91bbb71cfc65b8c2e730001068f13b0 (refs/remotes/origin/master)
 > git config core.sparsecheckout # timeout=10
 > git checkout -f d650d2b3b91bbb71cfc65b8c2e730001068f13b0
 > git rev-list d650d2b3b91bbb71cfc65b8c2e730001068f13b0 # timeout=10
Copied 117 artifacts from "[8mha:AAAAkB+LCAAAAAAAAP9b85aBtbiIQSajNKU4P08vOT+vOD8nVc+jsiC1KCczL9svvyTVzHb1RttJBUeZGJg8GdhyUvPSSzJ8GJhLi3JKGIR8shLLEvVzEvPS9YNLijLz0q0rihik0IxzhtAgwxgggJGJgaGiAMjgLGHg18/KT9KvyC/KSy2JL0zUBwBj2x8vlAAAAA==[0mxornet_qa" build number [8mha:AAAAlB+LCAAAAAAAAP9b85aBtbiIQSajNKU4P08vOT+vOD8nVc+jsiC1KCczL9svvyTVzHb1RttJBUeZGJg8GdhyUvPSSzJ8GJhLi3JKGIR8shLLEvVzEvPS9YNLijLz0q0rihik0IxzhtAgwxgggJGJgaGiAMhgLmEQ1s/KT9KvyC/KSy2JL0zUNzQx0gcARtMLHJgAAAA=[0m142
[xornet_prod_stage] $ /bin/bash /tmp/hudson3571148496853729363.sh
XDG_SESSION_ID=c1
BUILD_URL=http://ec2-52-38-110-52.us-west-2.compute.amazonaws.com:8080/job/xornet_prod_stage/167/
HUDSON_SERVER_COOKIE=f644632868a6f8c5
SHELL=/bin/bash
TERM=linux
BUILD_TAG=jenkins-xornet_prod_stage-167
GIT_PREVIOUS_COMMIT=d650d2b3b91bbb71cfc65b8c2e730001068f13b0
WORKSPACE=/var/lib/jenkins/workspace/xornet_prod_stage
JOB_URL=http://ec2-52-38-110-52.us-west-2.compute.amazonaws.com:8080/job/xornet_prod_stage/
USER=jenkins
GIT_COMMIT=d650d2b3b91bbb71cfc65b8c2e730001068f13b0
JENKINS_HOME=/var/lib/jenkins
PATH=/usr/local/bin:/usr/bin:/bin:/usr/local/games:/usr/games
MAIL=/var/mail/jenkins
_=/usr/bin/env
PWD=/var/lib/jenkins/workspace/xornet_prod_stage
HUDSON_URL=http://ec2-52-38-110-52.us-west-2.compute.amazonaws.com:8080/
LANG=en_US.UTF-8
COPYARTIFACT_BUILD_NUMBER_XORNET_QA=142
JOB_NAME=xornet_prod_stage
BUILD_DISPLAY_NAME=#167
JENKINS_URL=http://ec2-52-38-110-52.us-west-2.compute.amazonaws.com:8080/
BUILD_ID=167
JOB_BASE_NAME=xornet_prod_stage
GIT_PREVIOUS_SUCCESSFUL_COMMIT=d650d2b3b91bbb71cfc65b8c2e730001068f13b0
XDG_SEAT=seat0
HOME=/var/lib/jenkins
SHLVL=2
GIT_BRANCH=origin/master
JENKINS_SERVER_COOKIE=f644632868a6f8c5
EXECUTOR_NUMBER=1
GIT_URL=https://github.com/harshad007/yamlfiles
NODE_LABELS=master
LOGNAME=jenkins
HUDSON_HOME=/var/lib/jenkins
NODE_NAME=master
BUILD_NUMBER=167
XDG_RUNTIME_DIR=/run/user/106
HUDSON_COOKIE=07eaeb2e-0e4b-4a5b-89bf-d6912958419e
One
ERROR: Failed to evaluate groovy script.
[8mha:AAAAWB+LCAAAAAAAAP9b85aBtbiIQSmjNKU4P08vOT+vOD8nVc8DzHWtSE4tKMnMz/PLL0ldFVf2c+b/lb5MDAwVRQxSaBqcITRIIQMEMIIUFgAAckCEiWAAAAA=[0mjava.io.IOException: Cannot run program "notify.sh": error=2, No such file or directory
	at java.lang.ProcessBuilder.start(ProcessBuilder.java:1047)
	at java.lang.Runtime.exec(Runtime.java:617)
	at java.lang.Runtime.exec(Runtime.java:450)
	at java.lang.Runtime.exec(Runtime.java:347)
	at org.codehaus.groovy.runtime.ProcessGroovyMethods.execute(ProcessGroovyMethods.java:533)
	at org.codehaus.groovy.runtime.dgm$894.invoke(Unknown Source)
	at org.codehaus.groovy.runtime.callsite.PojoMetaMethodSite$PojoMetaMethodSiteNoUnwrapNoCoerce.invoke(PojoMetaMethodSite.java:274)
	at org.codehaus.groovy.runtime.callsite.PojoMetaMethodSite.call(PojoMetaMethodSite.java:56)
	at org.codehaus.groovy.runtime.callsite.CallSiteArray.defaultCall(CallSiteArray.java:48)
	at org.codehaus.groovy.runtime.callsite.AbstractCallSite.call(AbstractCallSite.java:113)
	at org.codehaus.groovy.runtime.callsite.AbstractCallSite.call(AbstractCallSite.java:117)
	at Script1.run(Script1.groovy:3)
	at groovy.lang.GroovyShell.evaluate(GroovyShell.java:585)
	at groovy.lang.GroovyShell.evaluate(GroovyShell.java:623)
	at groovy.lang.GroovyShell.evaluate(GroovyShell.java:594)
	at org.jenkinsci.plugins.scriptsecurity.sandbox.groovy.SecureGroovyScript.evaluate(SecureGroovyScript.java:168)
	at org.jvnet.hudson.plugins.groovypostbuild.GroovyPostbuildRecorder.perform(GroovyPostbuildRecorder.java:362)
	at hudson.tasks.BuildStepMonitor$1.perform(BuildStepMonitor.java:20)
	at hudson.model.AbstractBuild$AbstractBuildExecution.perform(AbstractBuild.java:779)
	at hudson.model.AbstractBuild$AbstractBuildExecution.performAllBuildSteps(AbstractBuild.java:720)
	at hudson.model.Build$BuildExecution.post2(Build.java:185)
	at hudson.model.AbstractBuild$AbstractBuildExecution.post(AbstractBuild.java:665)
	at hudson.model.Run.execute(Run.java:1766)
	at hudson.model.FreeStyleBuild.run(FreeStyleBuild.java:43)
	at hudson.model.ResourceController.execute(ResourceController.java:98)
	at hudson.model.Executor.run(Executor.java:410)
Caused by: java.io.IOException: error=2, No such file or directory
	at java.lang.UNIXProcess.forkAndExec(Native Method)
	at java.lang.UNIXProcess.<init>(UNIXProcess.java:187)
	at java.lang.ProcessImpl.start(ProcessImpl.java:130)
	at java.lang.ProcessBuilder.start(ProcessBuilder.java:1028)
	... 25 more
Finished: SUCCESS
